TN:
SF:src\index.js
FN:1,processDate
FN:19,(anonymous_1)
FN:26,(anonymous_2)
FN:32,(anonymous_3)
FN:47,(anonymous_4)
FN:83,(anonymous_5)
FNF:6
FNH:5
FNDA:0,processDate
FNDA:3,(anonymous_1)
FNDA:3,(anonymous_2)
FNDA:3,(anonymous_3)
FNDA:3,(anonymous_4)
FNDA:3,(anonymous_5)
DA:2,0
DA:3,0
DA:5,0
DA:6,0
DA:7,0
DA:8,0
DA:9,0
DA:11,0
DA:12,0
DA:13,0
DA:14,0
DA:15,0
DA:16,0
DA:19,1
DA:21,3
DA:22,3
DA:23,3
DA:24,3
DA:26,1
DA:28,3
DA:29,3
DA:30,3
DA:32,1
DA:34,3
DA:43,3
DA:44,3
DA:45,3
DA:47,1
DA:49,3
DA:50,3
DA:64,3
DA:73,3
DA:74,3
DA:75,3
DA:76,3
DA:77,0
DA:78,3
DA:79,0
DA:81,3
DA:83,1
DA:85,3
DA:86,3
DA:87,3
DA:88,3
DA:89,3
DA:90,194
DA:91,194
DA:92,167
DA:94,194
DA:96,3
DA:97,3
DA:99,1
LF:52
LH:37
BRDA:76,0,0,0
BRDA:76,0,1,3
BRDA:76,1,0,3
BRDA:76,1,1,0
BRDA:78,2,0,0
BRDA:78,2,1,3
BRDA:91,3,0,167
BRDA:91,3,1,27
BRF:8
BRH:5
end_of_record
